Traceback (most recent call last):
  File "/Library/Frameworks/Python.framework/Versions/3.11/lib/python3.11/site-packages/jupyter_cache/executors/utils.py", line 58, in single_nb_execution
    executenb(
  File "/Library/Frameworks/Python.framework/Versions/3.11/lib/python3.11/site-packages/nbclient/client.py", line 1305, in execute
    return NotebookClient(nb=nb, resources=resources, km=km, **kwargs).execute()
           ^^^^^^^^^^^^^^^^^^^^^^^^^^^^^^^^^^^^^^^^^^^^^^^^^^^^^^^^^^^^^^^^^^^^^
  File "/Users/graceliu/Library/Python/3.11/lib/python/site-packages/jupyter_core/utils/__init__.py", line 166, in wrapped
    return loop.run_until_complete(inner)
           ^^^^^^^^^^^^^^^^^^^^^^^^^^^^^^
  File "/Library/Frameworks/Python.framework/Versions/3.11/lib/python3.11/asyncio/base_events.py", line 650, in run_until_complete
    return future.result()
           ^^^^^^^^^^^^^^^
  File "/Library/Frameworks/Python.framework/Versions/3.11/lib/python3.11/contextlib.py", line 222, in __aexit__
    await self.gen.athrow(typ, value, traceback)
  File "/Library/Frameworks/Python.framework/Versions/3.11/lib/python3.11/site-packages/nbclient/client.py", line 650, in async_setup_kernel
    yield
  File "/Library/Frameworks/Python.framework/Versions/3.11/lib/python3.11/site-packages/nbclient/client.py", line 705, in async_execute
    await self.async_execute_cell(
  File "/Library/Frameworks/Python.framework/Versions/3.11/lib/python3.11/site-packages/nbclient/client.py", line 1058, in async_execute_cell
    await self._check_raise_for_error(cell, cell_index, exec_reply)
  File "/Library/Frameworks/Python.framework/Versions/3.11/lib/python3.11/site-packages/nbclient/client.py", line 914, in _check_raise_for_error
    raise CellExecutionError.from_cell_and_msg(cell, exec_reply_content)
nbclient.exceptions.CellExecutionError: An error occurred while executing the following cell:
------------------
# Function to create a markdown file with a specific review number
def create_md_file(review_num):
    filename = f"/review{review_num}.md"
    with open(filename, 'w') as f:
        f.write(f"# Review {review_num}\n\n")  # Writing the header for the markdown file
    return filename

# Create 5 markdown files for reviews 1 to 5
md_files = [create_md_file(i) for i in range(1, 6)]

------------------


[0;31m---------------------------------------------------------------------------[0m
[0;31mOSError[0m                                   Traceback (most recent call last)
Cell [0;32mIn[3], line 9[0m
[1;32m      6[0m     [38;5;28;01mreturn[39;00m filename
[1;32m      8[0m [38;5;66;03m# Create 5 markdown files for reviews 1 to 5[39;00m
[0;32m----> 9[0m md_files [38;5;241m=[39m [43m[[49m[43mcreate_md_file[49m[43m([49m[43mi[49m[43m)[49m[43m [49m[38;5;28;43;01mfor[39;49;00m[43m [49m[43mi[49m[43m [49m[38;5;129;43;01min[39;49;00m[43m [49m[38;5;28;43mrange[39;49m[43m([49m[38;5;241;43m1[39;49m[43m,[49m[43m [49m[38;5;241;43m6[39;49m[43m)[49m[43m][49m

Cell [0;32mIn[3], line 9[0m, in [0;36m<listcomp>[0;34m(.0)[0m
[1;32m      6[0m     [38;5;28;01mreturn[39;00m filename
[1;32m      8[0m [38;5;66;03m# Create 5 markdown files for reviews 1 to 5[39;00m
[0;32m----> 9[0m md_files [38;5;241m=[39m [[43mcreate_md_file[49m[43m([49m[43mi[49m[43m)[49m [38;5;28;01mfor[39;00m i [38;5;129;01min[39;00m [38;5;28mrange[39m([38;5;241m1[39m, [38;5;241m6[39m)]

Cell [0;32mIn[3], line 4[0m, in [0;36mcreate_md_file[0;34m(review_num)[0m
[1;32m      2[0m [38;5;28;01mdef[39;00m [38;5;21mcreate_md_file[39m(review_num):
[1;32m      3[0m     filename [38;5;241m=[39m [38;5;124mf[39m[38;5;124m"[39m[38;5;124m/review[39m[38;5;132;01m{[39;00mreview_num[38;5;132;01m}[39;00m[38;5;124m.md[39m[38;5;124m"[39m
[0;32m----> 4[0m     [38;5;28;01mwith[39;00m [38;5;28;43mopen[39;49m[43m([49m[43mfilename[49m[43m,[49m[43m [49m[38;5;124;43m'[39;49m[38;5;124;43mw[39;49m[38;5;124;43m'[39;49m[43m)[49m [38;5;28;01mas[39;00m f:
[1;32m      5[0m         f[38;5;241m.[39mwrite([38;5;124mf[39m[38;5;124m"[39m[38;5;124m# Review [39m[38;5;132;01m{[39;00mreview_num[38;5;132;01m}[39;00m[38;5;130;01m\n[39;00m[38;5;130;01m\n[39;00m[38;5;124m"[39m)  [38;5;66;03m# Writing the header for the markdown file[39;00m
[1;32m      6[0m     [38;5;28;01mreturn[39;00m filename

File [0;32m~/Library/Python/3.11/lib/python/site-packages/IPython/core/interactiveshell.py:284[0m, in [0;36m_modified_open[0;34m(file, *args, **kwargs)[0m
[1;32m    277[0m [38;5;28;01mif[39;00m file [38;5;129;01min[39;00m {[38;5;241m0[39m, [38;5;241m1[39m, [38;5;241m2[39m}:
[1;32m    278[0m     [38;5;28;01mraise[39;00m [38;5;167;01mValueError[39;00m(
[1;32m    279[0m         [38;5;124mf[39m[38;5;124m"[39m[38;5;124mIPython won[39m[38;5;124m'[39m[38;5;124mt let you open fd=[39m[38;5;132;01m{[39;00mfile[38;5;132;01m}[39;00m[38;5;124m by default [39m[38;5;124m"[39m
[1;32m    280[0m         [38;5;124m"[39m[38;5;124mas it is likely to crash IPython. If you know what you are doing, [39m[38;5;124m"[39m
[1;32m    281[0m         [38;5;124m"[39m[38;5;124myou can use builtins[39m[38;5;124m'[39m[38;5;124m open.[39m[38;5;124m"[39m
[1;32m    282[0m     )
[0;32m--> 284[0m [38;5;28;01mreturn[39;00m [43mio_open[49m[43m([49m[43mfile[49m[43m,[49m[43m [49m[38;5;241;43m*[39;49m[43margs[49m[43m,[49m[43m [49m[38;5;241;43m*[39;49m[38;5;241;43m*[39;49m[43mkwargs[49m[43m)[49m

[0;31mOSError[0m: [Errno 30] Read-only file system: '/review1.md'

